This file contains any messages produced by compilers while
running configure, to aid debugging if configure makes a mistake.

It was created by siesta configure 2.0, which was
generated by GNU Autoconf 2.59.  Invocation command line was

  $ ./configure 

## --------- ##
## Platform. ##
## --------- ##

hostname = Hyunseok-laptop
uname -m = x86_64
uname -r = 4.15.0-50-generic
uname -s = Linux
uname -v = #54~16.04.1-Ubuntu SMP Wed May 8 15:55:19 UTC 2019

/usr/bin/uname -p = unknown
/bin/uname -X     = unknown

/bin/arch              = unknown
/usr/bin/arch -k       = unknown
/usr/convex/getsysinfo = unknown
hostinfo               = unknown
/bin/machine           = unknown
/usr/bin/oslevel       = unknown
/bin/universe          = unknown

PATH: /home/hyunseok/anaconda3/envs/sisl/bin
PATH: /home/hyunseok/anaconda3/condabin
PATH: /home/hyunseok/tizen-studio/tools
PATH: /home/hyunseok/bin
PATH: /home/hyunseok/.local/bin
PATH: /usr/local/sbin
PATH: /usr/local/bin
PATH: /usr/sbin
PATH: /usr/bin
PATH: /sbin
PATH: /bin
PATH: /usr/games
PATH: /usr/local/games
PATH: /snap/bin
PATH: /usr/lib/jvm/java-12-oracle/bin
PATH: /usr/lib/jvm/java-12-oracle/db/bin
PATH: /home/hyunseok/study/CM/hw6/siesta-4.0.2
PATH: /home/hyunseok/study/CM/hw6/siesta-4.0.2/bin/


## ----------- ##
## Core tests. ##
## ----------- ##

configure:1348: checking build system type
configure:1366: result: x86_64-unknown-linux-gnu
configure:1374: checking host system type
configure:1388: result: x86_64-unknown-linux-gnu
configure:1466: checking for xlf95
configure:1495: result: no
configure:1466: checking for lf95
configure:1495: result: no
configure:1466: checking for f95
configure:1495: result: no
configure:1466: checking for fort
configure:1495: result: no
configure:1466: checking for ifort
configure:1495: result: no
configure:1466: checking for ifc
configure:1495: result: no
configure:1466: checking for efc
configure:1495: result: no
configure:1466: checking for pgf95
configure:1495: result: no
configure:1466: checking for pathf90
configure:1495: result: no
configure:1466: checking for gfortran
configure:1495: result: no
configure:1466: checking for g95
configure:1495: result: no
configure:1466: checking for f90
configure:1495: result: no
configure:1466: checking for xlf90
configure:1495: result: no
configure:1466: checking for pgf90
configure:1495: result: no
configure:1466: checking for epcf90
configure:1495: result: no
configure:1466: checking for g77
configure:1495: result: no
configure:1466: checking for f77
configure:1495: result: no
configure:1466: checking for xlf
configure:1495: result: no
configure:1466: checking for frt
configure:1495: result: no
configure:1466: checking for pgf77
configure:1495: result: no
configure:1466: checking for fort77
configure:1495: result: no
configure:1466: checking for fl32
configure:1495: result: no
configure:1466: checking for af77
configure:1495: result: no
configure:1507: checking for Fortran compiler version
configure:1510:  --version </dev/null >&5
./configure: line 1511: --version: command not found
configure:1513: $? = 127
configure:1515:  -v </dev/null >&5
./configure: line 1516: -v: command not found
configure:1518: $? = 127
configure:1520:  -V </dev/null >&5
./configure: line 1521: -V: command not found
configure:1523: $? = 127
configure:1537: checking for Fortran compiler default output file name
configure:1540:     conftest.f  >&5
./configure: line 1541: conftest.f: command not found
configure:1543: $? = 127
configure: failed program was:
|       program main
| 
|       end
configure:1582: error: Fortran compiler cannot create executables
See `config.log' for more details.

## ---------------- ##
## Cache variables. ##
## ---------------- ##

ac_cv_build=x86_64-unknown-linux-gnu
ac_cv_build_alias=x86_64-unknown-linux-gnu
ac_cv_env_CC_set=
ac_cv_env_CC_value=
ac_cv_env_CFLAGS_set=
ac_cv_env_CFLAGS_value=
ac_cv_env_CPPFLAGS_set=
ac_cv_env_CPPFLAGS_value=
ac_cv_env_CPP_set=
ac_cv_env_CPP_value=
ac_cv_env_FCFLAGS_set=
ac_cv_env_FCFLAGS_value=
ac_cv_env_FC_set=
ac_cv_env_FC_value=
ac_cv_env_FPPFLAGS_set=
ac_cv_env_FPPFLAGS_value=
ac_cv_env_FPP_set=
ac_cv_env_FPP_value=
ac_cv_env_LDFLAGS_set=
ac_cv_env_LDFLAGS_value=
ac_cv_env_MPIFC_set=
ac_cv_env_MPIFC_value=
ac_cv_env_build_alias_set=
ac_cv_env_build_alias_value=
ac_cv_env_host_alias_set=
ac_cv_env_host_alias_value=
ac_cv_env_target_alias_set=
ac_cv_env_target_alias_value=
ac_cv_host=x86_64-unknown-linux-gnu
ac_cv_host_alias=x86_64-unknown-linux-gnu

## ----------------- ##
## Output variables. ##
## ----------------- ##

BLACS_LIBS=''
BLAS_LIBS=''
CC=''
CFLAGS=''
COMP_LIBS=''
CPP=''
CPPFLAGS=''
DEFS=''
DP_KIND=''
ECHO_C=''
ECHO_N='-n'
ECHO_T=''
EXEEXT=''
F90_RULE=''
FC=''
FCFLAGS=''
FCFLAGS_fixed_f=''
FCFLAGS_free_f90=''
FFLAGS=''
FFLAGS_MPI=''
FPP=''
FPPDIRECT_FALSE=''
FPPDIRECT_TRUE=''
FPPFLAGS=''
FPPFLAGS_DEF=''
FPPFLAGS_fixed_F=''
FPPFLAGS_free_F90=''
FPP_COMPILE_EXT=''
FPP_MAKE_FLAGS=''
FPP_OUTPUT=''
FPP_PREPROCESS_EXT=''
F_RULE=''
LAPACK_LIBS=''
LDFLAGS=''
LIBOBJS=''
LIBS=''
LTLIBOBJS=''
MPIFC=''
MPILIBS=''
MPI_INCLUDE=''
MPI_INTERFACE=''
NETCDF_INTERFACE=''
NETCDF_LIBS=''
OBJEXT=''
PACKAGE_BUGREPORT='tow21@cam.ac.uk'
PACKAGE_NAME='siesta'
PACKAGE_STRING='siesta 2.0'
PACKAGE_TARNAME='siesta'
PACKAGE_VERSION='2.0'
PATH_SEPARATOR=':'
RANLIB=''
SCALAPACK_LIBS=''
SHELL='/bin/bash'
SIESTA_ARCH=''
SP_KIND=''
SYS=''
ac_ct_CC=''
ac_ct_FC=''
ac_ct_RANLIB=''
bindir='${exec_prefix}/bin'
build='x86_64-unknown-linux-gnu'
build_alias=''
build_cpu='x86_64'
build_os='linux-gnu'
build_vendor='unknown'
datadir='${prefix}/share'
exec_prefix='NONE'
host='x86_64-unknown-linux-gnu'
host_alias=''
host_cpu='x86_64'
host_os='linux-gnu'
host_vendor='unknown'
includedir='${prefix}/include'
infodir='${prefix}/info'
libdir='${exec_prefix}/lib'
libexecdir='${exec_prefix}/libexec'
localstatedir='${prefix}/var'
mandir='${prefix}/man'
oldincludedir='/usr/include'
prefix='NONE'
program_transform_name='s,x,x,'
sbindir='${exec_prefix}/sbin'
sharedstatedir='${prefix}/com'
sysconfdir='${prefix}/etc'
target_alias=''

## ----------- ##
## confdefs.h. ##
## ----------- ##

#define PACKAGE_BUGREPORT "tow21@cam.ac.uk"
#define PACKAGE_NAME "siesta"
#define PACKAGE_STRING "siesta 2.0"
#define PACKAGE_TARNAME "siesta"
#define PACKAGE_VERSION "2.0"

configure: exit 77
